{"level":"info","message":"Server is running on port 3000 on main thread with process id 7312","timestamp":"2024-05-30T06:06:23.976Z"}
{"level":"error","message":"Error connecting to MongoDB: The `uri` parameter to `openUri()` must be a string, got \"undefined\". Make sure the first parameter to `mongoose.connect()` or `mongoose.createConnection()` is a string.","stack":"MongooseError: The `uri` parameter to `openUri()` must be a string, got \"undefined\". Make sure the first parameter to `mongoose.connect()` or `mongoose.createConnection()` is a string.\n    at NativeConnection.createClient (F:\\techJar\\tech_jar_task_public\\tech_jar_crypto_watchlist\\node_modules\\mongoose\\lib\\drivers\\node-mongodb-native\\connection.js:219:11)\n    at NativeConnection.openUri (F:\\techJar\\tech_jar_task_public\\tech_jar_crypto_watchlist\\node_modules\\mongoose\\lib\\connection.js:822:34)\n    at Mongoose.connect (F:\\techJar\\tech_jar_task_public\\tech_jar_crypto_watchlist\\node_modules\\mongoose\\lib\\mongoose.js:429:15)\n    at Object.<anonymous> (F:\\techJar\\tech_jar_task_public\\tech_jar_crypto_watchlist\\index.js:17:10)\n    at Module._compile (node:internal/modules/cjs/loader:1241:14)\n    at Module._extensions..js (node:internal/modules/cjs/loader:1295:10)\n    at Module.load (node:internal/modules/cjs/loader:1091:32)\n    at Module._load (node:internal/modules/cjs/loader:938:12)\n    at Function.executeUserEntryPoint [as runMain] (node:internal/modules/run_main:83:12)\n    at node:internal/main/run_main_module:23:47","timestamp":"2024-05-30T06:06:23.983Z"}
{"level":"info","message":"::child process is instantiated with process id::6176","timestamp":"2024-05-30T06:06:24.635Z"}
{"level":"error","message":"Error connecting to MongoDB: The `uri` parameter to `openUri()` must be a string, got \"undefined\". Make sure the first parameter to `mongoose.connect()` or `mongoose.createConnection()` is a string.","stack":"MongooseError: The `uri` parameter to `openUri()` must be a string, got \"undefined\". Make sure the first parameter to `mongoose.connect()` or `mongoose.createConnection()` is a string.\n    at NativeConnection.createClient (F:\\techJar\\tech_jar_task_public\\tech_jar_crypto_watchlist\\node_modules\\mongoose\\lib\\drivers\\node-mongodb-native\\connection.js:219:11)\n    at NativeConnection.openUri (F:\\techJar\\tech_jar_task_public\\tech_jar_crypto_watchlist\\node_modules\\mongoose\\lib\\connection.js:822:34)\n    at Mongoose.connect (F:\\techJar\\tech_jar_task_public\\tech_jar_crypto_watchlist\\node_modules\\mongoose\\lib\\mongoose.js:429:15)\n    at scrapeData (F:\\techJar\\tech_jar_task_public\\tech_jar_crypto_watchlist\\src\\utils\\scraper.js:11:14)\n    at Task._execution (F:\\techJar\\tech_jar_task_public\\tech_jar_crypto_watchlist\\src\\utils\\scraper.js:56:34)\n    at Task.execute (F:\\techJar\\tech_jar_task_public\\tech_jar_crypto_watchlist\\node_modules\\node-cron\\src\\task.js:17:25)\n    at ScheduledTask.now (F:\\techJar\\tech_jar_task_public\\tech_jar_crypto_watchlist\\node_modules\\node-cron\\src\\scheduled-task.js:38:33)\n    at Scheduler.<anonymous> (F:\\techJar\\tech_jar_task_public\\tech_jar_crypto_watchlist\\node_modules\\node-cron\\src\\scheduled-task.js:25:18)\n    at Scheduler.emit (node:events:514:28)\n    at Timeout.matchTime [as _onTimeout] (F:\\techJar\\tech_jar_task_public\\tech_jar_crypto_watchlist\\node_modules\\node-cron\\src\\scheduler.js:30:26)","timestamp":"2024-05-30T06:07:01.029Z"}
{"level":"info","message":"Server is running on port 3000 on main thread with process id 15668","timestamp":"2024-05-30T06:07:25.571Z"}
{"level":"info","message":"Connected to MongoDB","timestamp":"2024-05-30T06:07:25.591Z"}
{"level":"info","message":"::child process is instantiated with process id::18648","timestamp":"2024-05-30T06:07:26.184Z"}
{"level":"info","message":"Connected to MongoDB from child","timestamp":"2024-05-30T06:08:00.612Z"}
{"level":"info","message":"::scraped data insert into database sucessful from child with process id:: 18648","timestamp":"2024-05-30T06:08:01.563Z"}
{"level":"info","message":"Connected to MongoDB from child","timestamp":"2024-05-30T06:09:00.236Z"}
{"level":"info","message":"::scraped data insert into database sucessful from child with process id:: 18648","timestamp":"2024-05-30T06:09:01.087Z"}
{"level":"info","message":"Connected to MongoDB from child","timestamp":"2024-05-30T06:10:00.781Z"}
{"level":"info","message":"::scraped data insert into database sucessful from child with process id:: 18648","timestamp":"2024-05-30T06:10:01.618Z"}
{"level":"info","message":"Connected to MongoDB from child","timestamp":"2024-05-30T06:11:00.191Z"}
{"level":"info","message":"::scraped data insert into database sucessful from child with process id:: 18648","timestamp":"2024-05-30T06:11:01.181Z"}
{"level":"info","message":"Connected to MongoDB from child","timestamp":"2024-05-30T06:12:00.719Z"}
{"level":"info","message":"::scraped data insert into database sucessful from child with process id:: 18648","timestamp":"2024-05-30T06:12:01.516Z"}
{"level":"info","message":"Connected to MongoDB from child","timestamp":"2024-05-30T06:13:00.263Z"}
{"level":"info","message":"::scraped data insert into database sucessful from child with process id:: 18648","timestamp":"2024-05-30T06:13:01.124Z"}
{"level":"info","message":"Connected to MongoDB from child","timestamp":"2024-05-30T06:14:00.786Z"}
{"level":"info","message":"::scraped data insert into database sucessful from child with process id:: 18648","timestamp":"2024-05-30T06:14:01.762Z"}
{"level":"info","message":"Connected to MongoDB from child","timestamp":"2024-05-30T06:17:00.753Z"}
{"level":"info","message":"::scraped data insert into database sucessful from child with process id:: 18648","timestamp":"2024-05-30T06:17:01.502Z"}
